<?xml version="1.0" encoding="UTF-8"?>
<!-- Generated by org.testng.reporters.JUnitXMLReporter -->
<testsuite ignored="3" hostname="DESKTOP-MO9OVGV" failures="0" tests="1" name="Default test" time="6.356" errors="0" timestamp="2023-02-26T15:27:39 GMT">
  <testcase classname="testcases.LoginTest" name="verifyUserLandToLoginPageTest" time="2.21"/>
  <testcase classname="testcases.LoginTest" name="loginToApplication" time="0.0">
    <ignored/>
  </testcase> <!-- loginToApplication -->
  <testcase classname="testcases.LoginTest" name="verifyTitle" time="0.0">
    <ignored/>
  </testcase> <!-- verifyTitle -->
  <testcase classname="testcases.LoginTest" name="verifySocialMediaPresense" time="0.0">
    <ignored/>
  </testcase> <!-- verifySocialMediaPresense -->
</testsuite> <!-- Default test -->
