<?xml version="1.0" encoding="UTF-8"?>
<testng-results ignored="3" total="4" passed="1" failed="0" skipped="0">
  <reporter-output>
  </reporter-output>
  <suite started-at="2023-02-26T15:27:33 GMT" name="Default suite" finished-at="2023-02-26T15:27:39 GMT" duration-ms="6356">
    <groups>
    </groups>
    <test started-at="2023-02-26T15:27:33 GMT" name="Default test" finished-at="2023-02-26T15:27:39 GMT" duration-ms="6356">
      <class name="testcases.LoginTest">
        <test-method is-config="true" signature="setup()[pri:0, instance:testcases.LoginTest@49049a04]" started-at="2023-02-26T15:27:33 GMT" name="setup" finished-at="2023-02-26T15:27:37 GMT" duration-ms="3787" status="PASS">
          <reporter-output>
          </reporter-output>
        </test-method> <!-- setup -->
        <test-method signature="verifyUserLandToLoginPageTest()[pri:4, instance:testcases.LoginTest@49049a04]" started-at="2023-02-26T15:27:37 GMT" name="verifyUserLandToLoginPageTest" finished-at="2023-02-26T15:27:39 GMT" duration-ms="2210" status="PASS">
          <reporter-output>
          </reporter-output>
        </test-method> <!-- verifyUserLandToLoginPageTest -->
        <test-method is-config="true" signature="tearDown()[pri:0, instance:testcases.LoginTest@49049a04]" started-at="2023-02-26T15:27:39 GMT" name="tearDown" finished-at="2023-02-26T15:27:39 GMT" duration-ms="288" status="PASS">
          <reporter-output>
          </reporter-output>
        </test-method> <!-- tearDown -->
      </class> <!-- testcases.LoginTest -->
    </test> <!-- Default test -->
  </suite> <!-- Default suite -->
</testng-results>
